\\jaws\data\dallin\projects\rocketleague goal ball\code\rlgoal\build\.intermediates\release\rlgoal.pch
\\jaws\data\dallin\projects\rocketleague goal ball\code\rlgoal\build\.intermediates\release\vc142.pdb
\\jaws\data\dallin\projects\rocketleague goal ball\code\rlgoal\build\.intermediates\release\pch.obj
\\jaws\data\dallin\projects\rocketleague goal ball\code\rlgoal\build\.intermediates\release\rlgoalgui.obj
\\jaws\data\dallin\projects\rocketleague goal ball\code\rlgoal\build\.intermediates\release\rlgoal.obj
\\jaws\data\dallin\projects\rocketleague goal ball\code\rlgoal\build\.intermediates\release\imgui_widgets.obj
\\jaws\data\dallin\projects\rocketleague goal ball\code\rlgoal\build\.intermediates\release\imgui_timeline.obj
\\jaws\data\dallin\projects\rocketleague goal ball\code\rlgoal\build\.intermediates\release\imgui_searchablecombo.obj
\\jaws\data\dallin\projects\rocketleague goal ball\code\rlgoal\build\.intermediates\release\imgui_rangeslider.obj
\\jaws\data\dallin\projects\rocketleague goal ball\code\rlgoal\build\.intermediates\release\imgui_impl_win32.obj
\\jaws\data\dallin\projects\rocketleague goal ball\code\rlgoal\build\.intermediates\release\imgui_impl_dx11.obj
\\jaws\data\dallin\projects\rocketleague goal ball\code\rlgoal\build\.intermediates\release\imgui_draw.obj
\\jaws\data\dallin\projects\rocketleague goal ball\code\rlgoal\build\.intermediates\release\imgui_demo.obj
\\jaws\data\dallin\projects\rocketleague goal ball\code\rlgoal\build\.intermediates\release\imgui_additions.obj
\\jaws\data\dallin\projects\rocketleague goal ball\code\rlgoal\build\.intermediates\release\imguivariouscontrols.obj
\\jaws\data\dallin\projects\rocketleague goal ball\code\rlgoal\build\.intermediates\release\imgui.obj
\\jaws\data\dallin\projects\rocketleague goal ball\code\rlgoal\plugins\rlgoal.dll
\\jaws\data\dallin\projects\rocketleague goal ball\code\rlgoal\plugins\rlgoal.pdb
\\jaws\data\dallin\projects\rocketleague goal ball\code\rlgoal\plugins\rlgoal.lib
\\jaws\data\dallin\projects\rocketleague goal ball\code\rlgoal\plugins\rlgoal.exp
\\jaws\data\dallin\projects\rocketleague goal ball\code\rlgoal\plugins\rlgoal.ipdb
\\jaws\data\dallin\projects\rocketleague goal ball\code\rlgoal\plugins\rlgoal.iobj
\\jaws\data\dallin\projects\rocketleague goal ball\code\rlgoal\build\.intermediates\release\rlgoal.tlog\cl.command.1.tlog
\\jaws\data\dallin\projects\rocketleague goal ball\code\rlgoal\build\.intermediates\release\rlgoal.tlog\cl.read.1.tlog
\\jaws\data\dallin\projects\rocketleague goal ball\code\rlgoal\build\.intermediates\release\rlgoal.tlog\cl.write.1.tlog
\\jaws\data\dallin\projects\rocketleague goal ball\code\rlgoal\build\.intermediates\release\rlgoal.tlog\link.command.1.tlog
\\jaws\data\dallin\projects\rocketleague goal ball\code\rlgoal\build\.intermediates\release\rlgoal.tlog\link.read.1.tlog
\\jaws\data\dallin\projects\rocketleague goal ball\code\rlgoal\build\.intermediates\release\rlgoal.tlog\link.write.1.tlog
\\jaws\data\dallin\projects\rocketleague goal ball\code\rlgoal\build\.intermediates\release\rlgoal.tlog\rlgoal.write.1u.tlog
